<?xml version="1.0" encoding="UTF-8"?>
<testsuite name="edu.uoc.pac4.exception.ResearchCenterExceptionTest" tests="3" skipped="0" failures="0" errors="0" timestamp="2025-05-09T09:39:16" hostname="TORRE15" time="0.007">
  <properties/>
  <testcase name="Sanity - Fields definition" classname="edu.uoc.pac4.exception.ResearchCenterExceptionTest" time="0.002"/>
  <testcase name="Sanity - Class definition" classname="edu.uoc.pac4.exception.ResearchCenterExceptionTest" time="0.001"/>
  <testcase name="Sanity - Constructor definition" classname="edu.uoc.pac4.exception.ResearchCenterExceptionTest" time="0.001"/>
  <system-out><![CDATA[]]></system-out>
  <system-err><![CDATA[]]></system-err>
</testsuite>
