<?xml version="1.0" encoding="UTF-8"?>
<testsuite name="edu.uoc.pac4.data.DataRepositoryTest" tests="7" skipped="0" failures="0" errors="0" timestamp="2025-05-09T09:39:16" hostname="TORRE15" time="0.026">
  <properties/>
  <testcase name="Sanity - Fields definition" classname="edu.uoc.pac4.data.DataRepositoryTest" time="0.001"/>
  <testcase name="Sanity - Constructor definition" classname="edu.uoc.pac4.data.DataRepositoryTest" time="0.002"/>
  <testcase name="Sanity - Methods definition" classname="edu.uoc.pac4.data.DataRepositoryTest" time="0.001"/>
  <testcase name="Minimum - Valid parameters" classname="edu.uoc.pac4.data.DataRepositoryTest" time="0.006"/>
  <testcase name="Minimum - Name" classname="edu.uoc.pac4.data.DataRepositoryTest" time="0.002"/>
  <testcase name="Advanced - dataEntries" classname="edu.uoc.pac4.data.DataRepositoryTest" time="0.001"/>
  <testcase name="Advanced - toString" classname="edu.uoc.pac4.data.DataRepositoryTest" time="0.009"/>
  <system-out><![CDATA[]]></system-out>
  <system-err><![CDATA[]]></system-err>
</testsuite>
